# JRE version: Java(TM) SE Runtime Environment (8.0_311-b11) (build 1.8.0_311-b11)
# Java VM: Java HotSpot(TM) 64-Bit Server VM (25.311-b11 mixed mode bsd-amd64 compressed oops)
Heap:
 PSYoungGen      total 428544K, used 19148K [0x000000076ab00000, 0x0000000786880000, 0x00000007c0000000)
  eden space 413696K, 4% used [0x000000076ab00000,0x000000076bdb3098,0x0000000783f00000)
  from space 14848K, 0% used [0x0000000783f00000,0x0000000783f00000,0x0000000784d80000)
  to   space 14848K, 0% used [0x0000000785a00000,0x0000000785a00000,0x0000000786880000)
 ParOldGen       total 125952K, used 18666K [0x00000006c0000000, 0x00000006c7b00000, 0x000000076ab00000)
  object space 125952K, 14% used [0x00000006c0000000,0x00000006c123a860,0x00000006c7b00000)
 Metaspace       used 39239K, capacity 42186K, committed 42408K, reserved 1085440K
  class space    used 5214K, capacity 5753K, committed 5800K, reserved 1048576K
GC Heap History (10 events):
Event: 4.438 GC heap before
{Heap before GC invocations=6 (full 1):
 PSYoungGen      total 244736K, used 226059K [0x000000076ab00000, 0x000000077bf80000, 0x00000007c0000000)
  eden space 234496K, 92% used [0x000000076ab00000,0x0000000777e044f0,0x0000000779000000)
  from space 10240K, 97% used [0x000000077b580000,0x000000077bf3e9f8,0x000000077bf80000)
  to   space 10752K, 0% used [0x000000077aa80000,0x000000077aa80000,0x000000077b500000)
 ParOldGen       total 86016K, used 7751K [0x00000006c0000000, 0x00000006c5400000, 0x000000076ab00000)
  object space 86016K, 9% used [0x00000006c0000000,0x00000006c0791e50,0x00000006c5400000)
 Metaspace       used 33264K, capacity 35460K, committed 35496K, reserved 1079296K
  class space    used 4335K, capacity 4773K, committed 4776K, reserved 1048576K
Event: 4.461 GC heap after
Heap after GC invocations=6 (full 1):
 PSYoungGen      total 272384K, used 10746K [0x000000076ab00000, 0x0000000785c80000, 0x00000007c0000000)
  eden space 261632K, 0% used [0x000000076ab00000,0x000000076ab00000,0x000000077aa80000)
  from space 10752K, 99% used [0x000000077aa80000,0x000000077b4fe988,0x000000077b500000)
  to   space 15360K, 0% used [0x0000000784d80000,0x0000000784d80000,0x0000000785c80000)
 ParOldGen       total 86016K, used 12719K [0x00000006c0000000, 0x00000006c5400000, 0x000000076ab00000)
  object space 86016K, 14% used [0x00000006c0000000,0x00000006c0c6bc88,0x00000006c5400000)
 Metaspace       used 33264K, capacity 35460K, committed 35496K, reserved 1079296K
  class space    used 4335K, capacity 4773K, committed 4776K, reserved 1048576K
}
Event: 4.461 GC heap before
{Heap before GC invocations=7 (full 2):
 PSYoungGen      total 272384K, used 10746K [0x000000076ab00000, 0x0000000785c80000, 0x00000007c0000000)
  eden space 261632K, 0% used [0x000000076ab00000,0x000000076ab00000,0x000000077aa80000)
  from space 10752K, 99% used [0x000000077aa80000,0x000000077b4fe988,0x000000077b500000)
  to   space 15360K, 0% used [0x0000000784d80000,0x0000000784d80000,0x0000000785c80000)
 ParOldGen       total 86016K, used 12719K [0x00000006c0000000, 0x00000006c5400000, 0x000000076ab00000)
  object space 86016K, 14% used [0x00000006c0000000,0x00000006c0c6bc88,0x00000006c5400000)
 Metaspace       used 33264K, capacity 35460K, committed 35496K, reserved 1079296K
  class space    used 4335K, capacity 4773K, committed 4776K, reserved 1048576K
Event: 4.505 GC heap after
Heap after GC invocations=7 (full 2):
 PSYoungGen      total 272384K, used 0K [0x000000076ab00000, 0x0000000785c80000, 0x00000007c0000000)
  eden space 261632K, 0% used [0x000000076ab00000,0x000000076ab00000,0x000000077aa80000)
  from space 10752K, 0% used [0x000000077aa80000,0x000000077aa80000,0x000000077b500000)
  to   space 15360K, 0% used [0x0000000784d80000,0x0000000784d80000,0x0000000785c80000)
 ParOldGen       total 125952K, used 20390K [0x00000006c0000000, 0x00000006c7b00000, 0x000000076ab00000)
  object space 125952K, 16% used [0x00000006c0000000,0x00000006c13e9838,0x00000006c7b00000)
 Metaspace       used 33264K, capacity 35460K, committed 35496K, reserved 1079296K
  class space    used 4335K, capacity 4773K, committed 4776K, reserved 1048576K
}
Event: 418.858 GC heap before
{Heap before GC invocations=8 (full 2):
 PSYoungGen      total 272384K, used 261632K [0x000000076ab00000, 0x0000000785c80000, 0x00000007c0000000)
  eden space 261632K, 100% used [0x000000076ab00000,0x000000077aa80000,0x000000077aa80000)
  from space 10752K, 0% used [0x000000077aa80000,0x000000077aa80000,0x000000077b500000)
  to   space 15360K, 0% used [0x0000000784d80000,0x0000000784d80000,0x0000000785c80000)
 ParOldGen       total 125952K, used 20390K [0x00000006c0000000, 0x00000006c7b00000, 0x000000076ab00000)
  object space 125952K, 16% used [0x00000006c0000000,0x00000006c13e9838,0x00000006c7b00000)
 Metaspace       used 38996K, capacity 41874K, committed 42152K, reserved 1085440K
  class space    used 5177K, capacity 5724K, committed 5800K, reserved 1048576K
Event: 418.907 GC heap after
Heap after GC invocations=8 (full 2):
 PSYoungGen      total 429056K, used 10381K [0x000000076ab00000, 0x0000000786880000, 0x00000007c0000000)
  eden space 413696K, 0% used [0x000000076ab00000,0x000000076ab00000,0x0000000783f00000)
  from space 15360K, 67% used [0x0000000784d80000,0x00000007857a36f0,0x0000000785c80000)
  to   space 14848K, 0% used [0x0000000783f00000,0x0000000783f00000,0x0000000784d80000)
 ParOldGen       total 125952K, used 20390K [0x00000006c0000000, 0x00000006c7b00000, 0x000000076ab00000)
  object space 125952K, 16% used [0x00000006c0000000,0x00000006c13e9838,0x00000006c7b00000)
 Metaspace       used 38996K, capacity 41874K, committed 42152K, reserved 1085440K
  class space    used 5177K, capacity 5724K, committed 5800K, reserved 1048576K
}
Event: 1138.429 GC heap before
{Heap before GC invocations=9 (full 2):
 PSYoungGen      total 429056K, used 76290K [0x000000076ab00000, 0x0000000786880000, 0x00000007c0000000)
  eden space 413696K, 15% used [0x000000076ab00000,0x000000076eb5d330,0x0000000783f00000)
  from space 15360K, 67% used [0x0000000784d80000,0x00000007857a36f0,0x0000000785c80000)
  to   space 14848K, 0% used [0x0000000783f00000,0x0000000783f00000,0x0000000784d80000)
 ParOldGen       total 125952K, used 20390K [0x00000006c0000000, 0x00000006c7b00000, 0x000000076ab00000)
  object space 125952K, 16% used [0x00000006c0000000,0x00000006c13e9838,0x00000006c7b00000)
 Metaspace       used 39234K, capacity 42174K, committed 42408K, reserved 1085440K
  class space    used 5212K, capacity 5751K, committed 5800K, reserved 1048576K
Event: 1138.446 GC heap after
Heap after GC invocations=9 (full 2):
 PSYoungGen      total 428544K, used 5941K [0x000000076ab00000, 0x0000000786880000, 0x00000007c0000000)
  eden space 413696K, 0% used [0x000000076ab00000,0x000000076ab00000,0x0000000783f00000)
  from space 14848K, 40% used [0x0000000783f00000,0x00000007844cd630,0x0000000784d80000)
  to   space 14848K, 0% used [0x0000000785a00000,0x0000000785a00000,0x0000000786880000)
 ParOldGen       total 125952K, used 20398K [0x00000006c0000000, 0x00000006c7b00000, 0x000000076ab00000)
  object space 125952K, 16% used [0x00000006c0000000,0x00000006c13eb838,0x00000006c7b00000)
 Metaspace       used 39234K, capacity 42174K, committed 42408K, reserved 1085440K
  class space    used 5212K, capacity 5751K, committed 5800K, reserved 1048576K
}
Event: 1138.446 GC heap before
{Heap before GC invocations=10 (full 3):
 PSYoungGen      total 428544K, used 5941K [0x000000076ab00000, 0x0000000786880000, 0x00000007c0000000)
  eden space 413696K, 0% used [0x000000076ab00000,0x000000076ab00000,0x0000000783f00000)
  from space 14848K, 40% used [0x0000000783f00000,0x00000007844cd630,0x0000000784d80000)
  to   space 14848K, 0% used [0x0000000785a00000,0x0000000785a00000,0x0000000786880000)
 ParOldGen       total 125952K, used 20398K [0x00000006c0000000, 0x00000006c7b00000, 0x000000076ab00000)
  object space 125952K, 16% used [0x00000006c0000000,0x00000006c13eb838,0x00000006c7b00000)
 Metaspace       used 39234K, capacity 42174K, committed 42408K, reserved 1085440K
  class space    used 5212K, capacity 5751K, committed 5800K, reserved 1048576K
Event: 1138.631 GC heap after
Heap after GC invocations=10 (full 3):
 PSYoungGen      total 428544K, used 0K [0x000000076ab00000, 0x0000000786880000, 0x00000007c0000000)
  eden space 413696K, 0% used [0x000000076ab00000,0x000000076ab00000,0x0000000783f00000)
  from space 14848K, 0% used [0x0000000783f00000,0x0000000783f00000,0x0000000784d80000)
  to   space 14848K, 0% used [0x0000000785a00000,0x0000000785a00000,0x0000000786880000)
 ParOldGen       total 125952K, used 18666K [0x00000006c0000000, 0x00000006c7b00000, 0x000000076ab00000)
  object space 125952K, 14% used [0x00000006c0000000,0x00000006c123a860,0x00000006c7b00000)
 Metaspace       used 39234K, capacity 42174K, committed 42408K, reserved 1085440K
  class space    used 5212K, capacity 5751K, committed 5800K, reserved 1048576K
}

